app/mapping.txt
# compiler: R8
# compiler_version: 1.3.13-dev
# min_api: 21
# compiler_hash: da4d7a3b1b2650f6339b28a50fe37e13cd05dd57
com.bariski.cryptoniffler.R$id -> b.b.a.a$a:
com.bariski.cryptoniffler.analytics.Analytics -> b.b.a.a.a:
    void itemDetailEvent(boolean,java.lang.String,java.lang.String,java.lang.String,long,boolean) -> a
    void logBtcValEvent(boolean,java.lang.String) -> a
    void logEvent(java.lang.String,android.os.Bundle) -> a
    void logIncludeFeeChanged(boolean) -> b
    void logInfoClick(boolean) -> a
    void logModeChanged(int) -> a
    void logNavigatedToExchange(com.bariski.cryptoniffler.domain.model.ArbitragePresentable) -> a
    void logQueryEvent(java.lang.String) -> a
    void logRnREvent(java.lang.String) -> b
    void sendScreenView(java.lang.String) -> c
com.bariski.cryptoniffler.analytics.AnalyticsImpl -> b.b.a.a.b:
    com.google.firebase.analytics.FirebaseAnalytics analytics -> a
    void itemDetailEvent(boolean,java.lang.String,java.lang.String,java.lang.String,long,boolean) -> a
    void logBtcValEvent(boolean,java.lang.String) -> a
    void logEvent(java.lang.String,android.os.Bundle) -> a
    void logIncludeFeeChanged(boolean) -> b
    void logInfoClick(boolean) -> a
    void logModeChanged(int) -> a
    void logNavigatedToExchange(com.bariski.cryptoniffler.domain.model.ArbitragePresentable) -> a
    void logQueryEvent(java.lang.String) -> a
    void logRnREvent(java.lang.String) -> b
    void sendScreenView(java.lang.String) -> c
com.bariski.cryptoniffler.data.api.CryptoNifflerApi -> b.b.a.b.a.a:
    io.reactivex.Single getArbitrage(java.lang.String,java.lang.String,java.lang.String,java.lang.String,java.lang.String) -> a
    io.reactivex.Single getBestCoin(java.lang.String,long,boolean) -> b
    io.reactivex.Single getBestRates(java.lang.String,long,boolean) -> a
    io.reactivex.Single getBtcInrRate(java.lang.String) -> a
    io.reactivex.Single getCoinsAndExchanges() -> a
com.bariski.cryptoniffler.data.api.EventsApi -> b.b.a.b.a.b:
    io.reactivex.Single getCategories(java.lang.String) -> d
    io.reactivex.Single getCoins(java.lang.String) -> b
    io.reactivex.Single getEvents(java.lang.String) -> c
    io.reactivex.Single getToken(java.lang.String) -> a
com.bariski.cryptoniffler.data.api.models.AuthTokenResponse -> com.bariski.cryptoniffler.data.api.models.AuthTokenResponse:
com.bariski.cryptoniffler.data.api.models.BestCoin -> com.bariski.cryptoniffler.data.api.models.BestCoin:
com.bariski.cryptoniffler.data.api.models.BestCoinResponse -> com.bariski.cryptoniffler.data.api.models.BestCoinResponse:
com.bariski.cryptoniffler.data.api.models.BestExchangeResponse -> com.bariski.cryptoniffler.data.api.models.BestExchangeResponse:
com.bariski.cryptoniffler.data.api.models.CoinsAndExchanges -> com.bariski.cryptoniffler.data.api.models.CoinsAndExchanges:
com.bariski.cryptoniffler.data.cache.CNDao -> com.bariski.cryptoniffler.data.cache.a:
    java.util.List loadAllCalendarCategories() -> a
    java.util.List loadAllCalendarCoins() -> d
    java.util.List loadAllCoins() -> c
    java.util.List loadAllExchanges() -> b
    void insertCalendarCategories(java.util.List) -> c
    void insertCalendarCoins(java.util.List) -> b
    void insertCoins(java.util.List) -> a
    void insertExchanges(java.util.List) -> d
...
kotlin.reflect.jvm.internal.impl.load.java.JvmBytecodeBinaryVersion -> kotlin.reflect.a.a.a.d.a.r:
    kotlin.reflect.jvm.internal.impl.load.java.JvmBytecodeBinaryVersion INSTANCE -> h
    kotlin.reflect.jvm.internal.impl.load.java.JvmBytecodeBinaryVersion INVALID_VERSION -> i
    kotlin.reflect.jvm.internal.impl.load.java.JvmBytecodeBinaryVersion$Companion Companion -> j
kotlin.reflect.jvm.internal.impl.load.java.JvmBytecodeBinaryVersion$Companion -> kotlin.reflect.a.a.a.d.a.r$a:
kotlin.reflect.jvm.internal.impl.load.java.NameAndSignature -> kotlin.reflect.a.a.a.d.a.s:
    java.lang.String signature -> b
    kotlin.reflect.jvm.internal.impl.name.Name name -> a
    java.lang.String getSignature() -> b
    kotlin.reflect.jvm.internal.impl.name.Name getName() -> a
kotlin.reflect.jvm.internal.impl.load.java.PropertiesConventionUtilKt -> kotlin.reflect.a.a.a.d.a.t:
    java.util.List getPropertyNamesCandidatesByAccessorName(kotlin.reflect.jvm.internal.impl.name.Name) -> c
    java.util.List propertyNamesBySetMethodName(kotlin.reflect.jvm.internal.impl.name.Name) -> b
    kotlin.reflect.jvm.internal.impl.name.Name propertyNameByGetMethodName(kotlin.reflect.jvm.internal.impl.name.Name) -> a
    kotlin.reflect.jvm.internal.impl.name.Name propertyNameBySetMethodName(kotlin.reflect.jvm.internal.impl.name.Name,boolean) -> a
    kotlin.reflect.jvm.internal.impl.name.Name propertyNameFromAccessorMethodName$default(kotlin.reflect.jvm.internal.impl.name.Name,java.lang.String,boolean,java.lang.String,int,java.lang.Object) -> a
    kotlin.reflect.jvm.internal.impl.name.Name propertyNameFromAccessorMethodName(kotlin.reflect.jvm.internal.impl.name.Name,java.lang.String,boolean,java.lang.String) -> a
kotlin.reflect.jvm.internal.impl.load.java.SpecialBuiltinMembers -> kotlin.reflect.a.a.a.d.a.x:
    boolean doesOverrideBuiltinWithDifferentJvmName(kotlin.reflect.jvm.internal.impl.descriptors.CallableMemberDescriptor) -> b
    boolean hasRealKotlinSuperClassWithOverrideOf(kotlin.reflect.jvm.internal.impl.descriptors.ClassDescriptor,kotlin.reflect.jvm.internal.impl.descriptors.CallableDescriptor) -> a
    boolean isFromJava(kotlin.reflect.jvm.internal.impl.descriptors.CallableMemberDescriptor) -> e
    boolean isFromJavaOrBuiltins(kotlin.reflect.jvm.internal.impl.descriptors.CallableMemberDescriptor) -> f
    java.lang.String getJvmMethodNameIfSpecial(kotlin.reflect.jvm.internal.impl.descriptors.CallableMemberDescriptor) -> d
    kotlin.reflect.jvm.internal.impl.descriptors.CallableMemberDescriptor getOverriddenBuiltinThatAffectsJvmName(kotlin.reflect.jvm.internal.impl.descriptors.CallableMemberDescriptor) -> g
    kotlin.reflect.jvm.internal.impl.descriptors.CallableMemberDescriptor getOverriddenBuiltinWithDifferentJvmName(kotlin.reflect.jvm.internal.impl.descriptors.CallableMemberDescriptor) -> a
    kotlin.reflect.jvm.internal.impl.descriptors.CallableMemberDescriptor getOverriddenSpecialBuiltin(kotlin.reflect.jvm.internal.impl.descriptors.CallableMemberDescriptor) -> c
    kotlin.reflect.jvm.internal.impl.load.java.NameAndSignature access$method(java.lang.String,java.lang.String,java.lang.String,java.lang.String) -> a
kotlin.reflect.jvm.internal.impl.load.java.SpecialBuiltinMembers$getOverriddenBuiltinWithDifferentJvmName$1 -> kotlin.reflect.a.a.a.d.a.u:
    kotlin.reflect.jvm.internal.impl.load.java.SpecialBuiltinMembers$getOverriddenBuiltinWithDifferentJvmName$1 INSTANCE -> b
    boolean invoke(kotlin.reflect.jvm.internal.impl.descriptors.CallableMemberDescriptor) -> a
    java.lang.Object invoke(java.lang.Object) -> a
kotlin.reflect.jvm.internal.impl.load.java.SpecialBuiltinMembers$getOverriddenBuiltinWithDifferentJvmName$2 -> kotlin.reflect.a.a.a.d.a.v:
    kotlin.reflect.jvm.internal.impl.load.java.SpecialBuiltinMembers$getOverriddenBuiltinWithDifferentJvmName$2 INSTANCE -> b
    boolean invoke(kotlin.reflect.jvm.internal.impl.descriptors.CallableMemberDescriptor) -> a
    java.lang.Object invoke(java.lang.Object) -> a